生成启动时间为 2013/3/29 15:37:09。
     1>项目“D:\Github\Cocos2d-x\SimpleGame\proj.win32\SimpleGame.win32.vcxproj”在节点 2 上(build 个目标)。
     1>InitializeBuildStatus:
         正在创建“Debug.win32\SimpleGame.win32.unsuccessfulbuild”，因为已指定“AlwaysCreate”。
       ClCompile:
         D:\Program Files\Microsoft Visual Studio 10.0\VC\bin\CL.exe /c /I. /I..\Classes /I"D:\cocos2d-2.0-x-2.0.4\cocos2dx" /I"D:\cocos2d-2.0-x-2.0.4\cocos2dx\include" /I"D:\cocos2d-2.0-x-2.0.4\cocos2dx\kazmath\include" /I"D:\cocos2d-2.0-x-2.0.4\cocos2dx\platform\win32" /I"D:\cocos2d-2.0-x-2.0.4\cocos2dx\platform\third_party\win32" /I"D:\cocos2d-2.0-x-2.0.4\cocos2dx\platform\third_party\win32\OGLES" /I"D:\cocos2d-2.0-x-2.0.4\CocosDenshion\include" /ZI /nologo /W3 /WX- /Od /Oy- /D WIN32 /D _WINDOWS /D STRICT /D _CRT_SECURE_NO_WARNINGS /D _SCL_SECURE_NO_WARNINGS_DEBUG /D COCOS2D_DEBUG=1 /D _UNICODE /D UNICODE /Gm /EHsc /RTC1 /MDd /GS /fp:precise /Zc:wchar_t /Zc:forScope /Fo"Debug.win32\\" /Fd"Debug.win32\vc100.pdb" /Gd /TP /wd4267 /wd4251 /wd4244 /analyze- /errorReport:prompt ..\Classes\HelloWorldScene.cpp
         HelloWorldScene.cpp
     1>d:\github\cocos2d-x\simplegame\classes\helloworldscene.cpp(225): warning C4996: 'cocos2d::CCRect::CCRectIntersectsRect': 被声明为已否决
                 d:\cocos2d-2.0-x-2.0.4\cocos2dx\cocoa\ccgeometry.h(108) : 参见“cocos2d::CCRect::CCRectIntersectsRect”的声明
       ResourceCompile:
         所有输出均为最新。
       ManifestResourceCompile:
         所有输出均为最新。
       Link:
         D:\Program Files\Microsoft Visual Studio 10.0\VC\bin\link.exe /ERRORREPORT:PROMPT /OUT:"D:\cocos2d-2.0-x-2.0.4\Debug.win32\SimpleGame.win32.exe" /INCREMENTAL /NOLOGO /LIBPATH:"D:\cocos2d-2.0-x-2.0.4\Debug.win32\\" libcocos2d.lib libExtensions.lib opengl32.lib glew32.lib libCocosDenshion.lib kernel32.lib user32.lib gdi32.lib winspool.lib comdlg32.lib advapi32.lib shell32.lib ole32.lib oleaut32.lib uuid.lib odbc32.lib odbccp32.lib /MANIFEST /ManifestFile:"Debug.win32\SimpleGame.win32.exe.intermediate.manifest" /MANIFESTUAC:"level='asInvoker' uiAccess='false'" /DEBUG /PDB:"D:\cocos2d-2.0-x-2.0.4\Debug.win32\SimpleGame.win32.pdb" /SUBSYSTEM:WINDOWS /TLBID:1 /DYNAMICBASE /NXCOMPAT /IMPLIB:"D:\cocos2d-2.0-x-2.0.4\Debug.win32\SimpleGame.win32.lib" /MACHINE:X86 Debug.win32\SimpleGame.res
         Debug.win32\SimpleGame.win32.exe.embed.manifest.res
         Debug.win32\AppDelegate.obj
         Debug.win32\HelloWorldScene.obj
         Debug.win32\GameOverLayer.obj
         Debug.win32\Level.obj
         Debug.win32\LevelManager.obj
         Debug.win32\main.obj
         Debug.win32\Monster.obj
       Manifest:
         C:\Program Files\Microsoft SDKs\Windows\v7.0A\bin\mt.exe /nologo /verbose /out:"Debug.win32\SimpleGame.win32.exe.embed.manifest" /manifest Debug.win32\SimpleGame.win32.exe.intermediate.manifest
         所有输出均为最新。
       LinkEmbedManifest:
         所有输出均为最新。
         SimpleGame.win32.vcxproj -> D:\cocos2d-2.0-x-2.0.4\Debug.win32\SimpleGame.win32.exe
       FinalizeBuildStatus:
         正在删除文件“Debug.win32\SimpleGame.win32.unsuccessfulbuild”。
         正在对“Debug.win32\SimpleGame.win32.lastbuildstate”执行 Touch 任务。
     1>已完成生成项目“D:\Github\Cocos2d-x\SimpleGame\proj.win32\SimpleGame.win32.vcxproj”(build 个目标)的操作。

生成成功。

已用时间 00:00:03.72
